<?xml version="1.0" encoding="UTF-8"?>
<!-- Generated by org.testng.reporters.JUnitReportReporter -->
<testsuite hostname="DESKTOP-MUG13MS" failures="0" tests="4" name="com.rabit.qa.tests.Admin_MyAccount_001_AddMailExtentionsTest" time="119.063" errors="0" timestamp="12 Dec 2019 12:14:52 GMT" skipped="0">
  <testcase classname="com.rabit.qa.tests.Admin_MyAccount_001_AddMailExtentionsTest" name="verifyMyAccountDetailsTest" time="26.230"/>
  <testcase classname="com.rabit.qa.tests.Admin_MyAccount_001_AddMailExtentionsTest" name="AddMailExtentionsTest" time="31.194"/>
  <testcase classname="com.rabit.qa.tests.Admin_MyAccount_001_AddMailExtentionsTest" name="AddMailExtentionsTest" time="30.562"/>
  <testcase classname="com.rabit.qa.tests.Admin_MyAccount_001_AddMailExtentionsTest" name="AddMailExtentionsTest" time="31.077"/>
</testsuite> <!-- com.rabit.qa.tests.Admin_MyAccount_001_AddMailExtentionsTest -->
