<?xml version="1.0" encoding="UTF-8"?>
<!-- Generated by org.testng.reporters.JUnitReportReporter -->
<testsuite hostname="DESKTOP-MUG13MS" failures="0" tests="2" name="com.rabit.qa.tests.LoginPageTest" time="27.605" errors="0" timestamp="12 Dec 2019 12:14:52 GMT" skipped="0">
  <testcase classname="com.rabit.qa.tests.LoginPageTest" name="loginPageTitleTest" time="8.204"/>
  <testcase classname="com.rabit.qa.tests.LoginPageTest" name="loginTest" time="19.401"/>
</testsuite> <!-- com.rabit.qa.tests.LoginPageTest -->
