<?xml version="1.0" encoding="UTF-8"?>
<!-- Generated by org.testng.reporters.JUnitReportReporter -->
<testsuite hostname="DESKTOP-MUG13MS" failures="0" tests="3" name="com.rabit.qa.tests.HomePageTest" time="61.834" errors="0" timestamp="12 Dec 2019 12:14:51 GMT" skipped="0">
  <testcase classname="com.rabit.qa.tests.HomePageTest" name="verifyHomePageTitleTest" time="18.256"/>
  <testcase classname="com.rabit.qa.tests.HomePageTest" name="verifyCorrectUserName" time="18.936"/>
  <testcase classname="com.rabit.qa.tests.HomePageTest" name="verifyAdminMenuClickTest" time="24.642"/>
</testsuite> <!-- com.rabit.qa.tests.HomePageTest -->
