<?xml version="1.0" encoding="UTF-8"?>
<!-- Generated by org.testng.reporters.JUnitReportReporter -->
<testsuite hostname="DESKTOP-MUG13MS" failures="0" tests="3" name="com.rabit.qa.tests.HomePageTest" time="64.408" errors="0" timestamp="12 Dec 2019 12:37:36 GMT" skipped="0">
  <testcase classname="com.rabit.qa.tests.HomePageTest" name="verifyHomePageTitleTest" time="21.684"/>
  <testcase classname="com.rabit.qa.tests.HomePageTest" name="verifyCorrectUserName" time="18.951"/>
  <testcase classname="com.rabit.qa.tests.HomePageTest" name="verifyAdminMenuClickTest" time="23.773"/>
</testsuite> <!-- com.rabit.qa.tests.HomePageTest -->
