<?xml version="1.0" encoding="UTF-8"?>
<!-- Generated by org.testng.reporters.JUnitReportReporter -->
<testsuite hostname="DESKTOP-MUG13MS" failures="0" tests="2" name="com.rabit.qa.tests.LoginPageTest" time="28.697" errors="0" timestamp="12 Dec 2019 12:37:36 GMT" skipped="0">
  <testcase classname="com.rabit.qa.tests.LoginPageTest" name="loginPageTitleTest" time="8.371"/>
  <testcase classname="com.rabit.qa.tests.LoginPageTest" name="loginTest" time="20.326"/>
</testsuite> <!-- com.rabit.qa.tests.LoginPageTest -->
